<?xml version="1.0" encoding="UTF-8"?>
<!-- Generated by org.testng.reporters.JUnitReportReporter -->
<testsuite hostname="Nita-pc" name="rippling.VerifyPhoneOrNumber" tests="4" failures="0" timestamp="17 Apr 2018 17:01:53 GMT" time="2.290" errors="0">
  <testcase name="verifyNewNumberWithValidData" time="0.284" classname="rippling.VerifyPhoneOrNumber"/>
  <testcase name="verifyPhoneNumberWithInValidData" time="0.299" classname="rippling.VerifyPhoneOrNumber"/>
  <testcase name="verifyPhoneNumberWithValidData" time="1.423" classname="rippling.VerifyPhoneOrNumber"/>
  <testcase name="verifyNewNumberWithInValidData" time="0.284" classname="rippling.VerifyPhoneOrNumber"/>
</testsuite> <!-- rippling.VerifyPhoneOrNumber -->
