<?xml version="1.0" encoding="UTF-8"?>
<!-- Generated by org.testng.reporters.JUnitReportReporter -->
<testsuite hostname="Nita-pc" name="javaname.patternProgram" tests="1" failures="0" timestamp="2 May 2018 14:19:21 GMT" time="50.248" errors="0">
  <testcase name="amazonOpenTest" time="50.248" classname="javaname.patternProgram"/>
</testsuite> <!-- javaname.patternProgram -->
